<?xml version="1.0" encoding="UTF-8"?>
<!-- Generated by org.testng.reporters.JUnitReportReporter -->
<testsuite skipped="0" hostname="INFHYSZBL197" name="mav.AutomationLab.AppTest" tests="1" failures="0" timestamp="2021-01-04T20:42:10 IST" time="11.859" errors="0">
  <testcase name="testApp" time="11.859" classname="mav.AutomationLab.AppTest"/>
  <system-out/>
</testsuite> <!-- mav.AutomationLab.AppTest -->
